#
# There is insufficient memory for the Java Runtime Environment to continue.
# Native memory allocation (malloc) failed to allocate 204176 bytes. Error detail: Chunk::new
# Possible reasons:
#   The system is out of physical RAM or swap space
#   This process is running with CompressedOops enabled, and the Java Heap may be blocking the growth of the native heap
# Possible solutions:
#   Reduce memory load on the system
#   Increase physical memory or swap space
#   Check if swap backing store is full
#   Decrease Java heap size (-Xmx/-Xms)
#   Decrease number of Java threads
#   Decrease Java thread stack sizes (-Xss)
#   Set larger code cache with -XX:ReservedCodeCacheSize=
#   JVM is running with Unscaled Compressed Oops mode in which the Java heap is
#     placed in the first 4GB address space. The Java Heap base address is the
#     maximum limit for the native heap growth. Please use -XX:HeapBaseMinAddress
#     to set the Java Heap base and to place the Java Heap above 4GB virtual address.
# This output file may be truncated or incomplete.
#
#  Out of Memory Error (arena.cpp:191), pid=51480, tid=23964
#
# JRE version: OpenJDK Runtime Environment Temurin-17.0.13+11 (17.0.13+11) (build 17.0.13+11)
# Java VM: OpenJDK 64-Bit Server VM Temurin-17.0.13+11 (17.0.13+11, mixed mode, tiered, compressed oops, compressed class ptrs, parallel gc, windows-amd64)
# No core dump will be written. Minidumps are not enabled by default on client versions of Windows
#

---------------  S U M M A R Y ------------

Command Line: --add-modules=ALL-SYSTEM --add-opens=java.base/java.util=ALL-UNNAMED --add-opens=java.base/java.lang=ALL-UNNAMED --add-opens=java.base/sun.nio.fs=ALL-UNNAMED -Declipse.application=org.eclipse.jdt.ls.core.id1 -Dosgi.bundles.defaultStartLevel=4 -Declipse.product=org.eclipse.jdt.ls.core.product -Djava.import.generatesMetadataFilesAtProjectRoot=false -DDetectVMInstallationsJob.disabled=true -Dfile.encoding=utf8 -XX:+UseParallelGC -XX:GCTimeRatio=4 -XX:AdaptiveSizePolicyWeight=90 -Dsun.zip.disableMemoryMapping=true -Xmx1G -Xms100m -Xlog:disable -javaagent:c:\Users\Sean Kyle\.vscode\extensions\redhat.java-1.36.0-win32-x64\lombok\lombok-1.18.35.jar -XX:+HeapDumpOnOutOfMemoryError -XX:HeapDumpPath=c:\Users\Sean Kyle\AppData\Roaming\Code\User\workspaceStorage\db81b6db17bbbd7b8bd1336062c1f44b\redhat.java -Daether.dependencyCollector.impl=bf c:\Users\Sean Kyle\.vscode\extensions\redhat.java-1.36.0-win32-x64\server\plugins\org.eclipse.equinox.launcher_1.6.900.v20240613-2009.jar -configuration c:\Users\Sean Kyle\AppData\Roaming\Code\User\globalStorage\redhat.java\1.36.0\config_win -data c:\Users\Sean Kyle\AppData\Roaming\Code\User\workspaceStorage\db81b6db17bbbd7b8bd1336062c1f44b\redhat.java\jdt_ws --pipe=\\.\pipe\lsp-06a6320af51be784873cafcbcba4cd40-sock

Host: 13th Gen Intel(R) Core(TM) i7-13700HX, 24 cores, 31G,  Windows 11 , 64 bit Build 22621 (10.0.22621.4391)
Time: Sat Nov 23 03:06:58 2024 Malay Peninsula Standard Time elapsed time: 18548.134571 seconds (0d 5h 9m 8s)

---------------  T H R E A D  ---------------

Current thread (0x00000242fa0cc6d0):  JavaThread "C2 CompilerThread0" daemon [_thread_in_native, id=23964, stack(0x0000006be3f00000,0x0000006be4000000)]


Current CompileTask:
C2:18548140 15958   !   4       org.eclipse.osgi.internal.framework.BundleContextImpl::dispatchEvent (558 bytes)

Stack: [0x0000006be3f00000,0x0000006be4000000]
Native frames: (J=compiled Java code, j=interpreted, Vv=VM code, C=native code)
V  [jvm.dll+0x682a19]
V  [jvm.dll+0x839538]
V  [jvm.dll+0x83afe3]
V  [jvm.dll+0x83b653]
V  [jvm.dll+0x24704f]
V  [jvm.dll+0xace34]
V  [jvm.dll+0xad4cc]
V  [jvm.dll+0x36592f]
V  [jvm.dll+0x1ba989]
V  [jvm.dll+0x2181a7]
V  [jvm.dll+0x21748f]
V  [jvm.dll+0x1a3070]
V  [jvm.dll+0x22788c]
V  [jvm.dll+0x2259eb]
V  [jvm.dll+0x7eec98]
V  [jvm.dll+0x7e8ffc]
V  [jvm.dll+0x6818f7]
C  [ucrtbase.dll+0x29333]
C  [KERNEL32.DLL+0x1259d]
C  [ntdll.dll+0x5af38]


---------------  P R O C E S S  ---------------

Threads class SMR info:
_java_thread_list=0x0000024290c44260, length=54, elements={
0x00000242f006a230, 0x00000242f4ee4e90, 0x00000242f4ee63c0, 0x00000242fa0bcf30,
0x00000242fa0bdbc0, 0x00000242fa0bf0f0, 0x00000242fa0c53f0, 0x00000242fa0cc6d0,
0x00000242fa0cd780, 0x00000242fa0d8870, 0x00000242f00cb900, 0x00000242fd23b8c0,
0x00000242fd8529f0, 0x00000242fd851fd0, 0x00000242fd8510a0, 0x00000242fd850b90,
0x00000242fd84fc60, 0x00000242fd850170, 0x00000242fd851ac0, 0x00000242fd8524e0,
0x00000242fd84f750, 0x00000242fd788a40, 0x00000242fd78a8a0, 0x00000242fd783940,
0x00000242fd784360, 0x00000242fd7870f0, 0x00000242fd783e50, 0x00000242fd788530,
0x00000242fd784870, 0x00000242fd783430, 0x00000242fd787600, 0x00000242fd787b10,
0x00000242fd784d80, 0x00000242fd7857a0, 0x00000242fd789460, 0x00000242fd7861c0,
0x00000242fd788020, 0x00000242fd785290, 0x00000242fd788f50, 0x00000242fd789970,
0x00000242fd7866d0, 0x00000242fd789e80, 0x00000242fd78a390, 0x00000242fd786be0,
0x00000242fd63a660, 0x00000242fd639c40, 0x00000242fd639730, 0x00000242fd63bfb0,
0x00000242fd6373c0, 0x00000242fd636eb0, 0x00000242fd6369a0, 0x0000024291eb4d80,
0x00000242918af750, 0x00000242fd56b0a0
}

Java Threads: ( => current thread )
  0x00000242f006a230 JavaThread "main" [_thread_blocked, id=34940, stack(0x0000006be3600000,0x0000006be3700000)]
  0x00000242f4ee4e90 JavaThread "Reference Handler" daemon [_thread_blocked, id=49840, stack(0x0000006be3900000,0x0000006be3a00000)]
  0x00000242f4ee63c0 JavaThread "Finalizer" daemon [_thread_blocked, id=48640, stack(0x0000006be3a00000,0x0000006be3b00000)]
  0x00000242fa0bcf30 JavaThread "Signal Dispatcher" daemon [_thread_blocked, id=51984, stack(0x0000006be3b00000,0x0000006be3c00000)]
  0x00000242fa0bdbc0 JavaThread "Attach Listener" daemon [_thread_blocked, id=31648, stack(0x0000006be3c00000,0x0000006be3d00000)]
  0x00000242fa0bf0f0 JavaThread "Service Thread" daemon [_thread_blocked, id=8648, stack(0x0000006be3d00000,0x0000006be3e00000)]
  0x00000242fa0c53f0 JavaThread "Monitor Deflation Thread" daemon [_thread_blocked, id=52072, stack(0x0000006be3e00000,0x0000006be3f00000)]
=>0x00000242fa0cc6d0 JavaThread "C2 CompilerThread0" daemon [_thread_in_native, id=23964, stack(0x0000006be3f00000,0x0000006be4000000)]
  0x00000242fa0cd780 JavaThread "C1 CompilerThread0" daemon [_thread_blocked, id=42144, stack(0x0000006be4000000,0x0000006be4100000)]
  0x00000242fa0d8870 JavaThread "Sweeper thread" daemon [_thread_blocked, id=48468, stack(0x0000006be4100000,0x0000006be4200000)]
  0x00000242f00cb900 JavaThread "Common-Cleaner" daemon [_thread_blocked, id=36920, stack(0x0000006be4200000,0x0000006be4300000)]
  0x00000242fd23b8c0 JavaThread "Notification Thread" daemon [_thread_blocked, id=51080, stack(0x0000006be4600000,0x0000006be4700000)]
  0x00000242fd8529f0 JavaThread "Active Thread: Equinox Container: c8ea49d4-bab8-47f3-8b79-a8e02fc09726" [_thread_blocked, id=51688, stack(0x0000006be4f00000,0x0000006be5000000)]
  0x00000242fd851fd0 JavaThread "Refresh Thread: Equinox Container: c8ea49d4-bab8-47f3-8b79-a8e02fc09726" daemon [_thread_blocked, id=49204, stack(0x0000006be4800000,0x0000006be4900000)]
  0x00000242fd8510a0 JavaThread "Framework Event Dispatcher: Equinox Container: c8ea49d4-bab8-47f3-8b79-a8e02fc09726" daemon [_thread_blocked, id=4052, stack(0x0000006be5100000,0x0000006be5200000)]
  0x00000242fd850b90 JavaThread "Start Level: Equinox Container: c8ea49d4-bab8-47f3-8b79-a8e02fc09726" daemon [_thread_blocked, id=5728, stack(0x0000006be5200000,0x0000006be5300000)]
  0x00000242fd84fc60 JavaThread "Bundle File Closer" daemon [_thread_blocked, id=11476, stack(0x0000006be5400000,0x0000006be5500000)]
  0x00000242fd850170 JavaThread "SCR Component Actor" daemon [_thread_blocked, id=42148, stack(0x0000006be5600000,0x0000006be5700000)]
  0x00000242fd851ac0 JavaThread "Worker-JM" [_thread_blocked, id=51176, stack(0x0000006be5d00000,0x0000006be5e00000)]
  0x00000242fd8524e0 JavaThread "JNA Cleaner" daemon [_thread_blocked, id=51860, stack(0x0000006be5500000,0x0000006be5600000)]
  0x00000242fd84f750 JavaThread "Worker-0" [_thread_blocked, id=51672, stack(0x0000006be5800000,0x0000006be5900000)]
  0x00000242fd788a40 JavaThread "Java indexing" daemon [_thread_blocked, id=48164, stack(0x0000006be6800000,0x0000006be6900000)]
  0x00000242fd78a8a0 JavaThread "Thread-2" daemon [_thread_in_native, id=43016, stack(0x0000006be6f00000,0x0000006be7000000)]
  0x00000242fd783940 JavaThread "Thread-3" daemon [_thread_in_native, id=14552, stack(0x0000006be7000000,0x0000006be7100000)]
  0x00000242fd784360 JavaThread "Thread-4" daemon [_thread_in_native, id=19548, stack(0x0000006be7100000,0x0000006be7200000)]
  0x00000242fd7870f0 JavaThread "Thread-5" daemon [_thread_in_native, id=7880, stack(0x0000006be7200000,0x0000006be7300000)]
  0x00000242fd783e50 JavaThread "Thread-6" daemon [_thread_in_native, id=44324, stack(0x0000006be7300000,0x0000006be7400000)]
  0x00000242fd788530 JavaThread "Thread-7" daemon [_thread_in_native, id=22252, stack(0x0000006be7400000,0x0000006be7500000)]
  0x00000242fd784870 JavaThread "Thread-8" daemon [_thread_in_native, id=9732, stack(0x0000006be7500000,0x0000006be7600000)]
  0x00000242fd783430 JavaThread "Thread-9" daemon [_thread_in_native, id=51544, stack(0x0000006be7600000,0x0000006be7700000)]
  0x00000242fd787600 JavaThread "Thread-10" daemon [_thread_in_native, id=42172, stack(0x0000006be7700000,0x0000006be7800000)]
  0x00000242fd787b10 JavaThread "Thread-11" daemon [_thread_in_native, id=16976, stack(0x0000006be7800000,0x0000006be7900000)]
  0x00000242fd784d80 JavaThread "Thread-12" daemon [_thread_in_native, id=41248, stack(0x0000006be7900000,0x0000006be7a00000)]
  0x00000242fd7857a0 JavaThread "Thread-13" daemon [_thread_in_native, id=24596, stack(0x0000006be7a00000,0x0000006be7b00000)]
  0x00000242fd789460 JavaThread "Thread-14" daemon [_thread_in_native, id=4112, stack(0x0000006be7b00000,0x0000006be7c00000)]
  0x00000242fd7861c0 JavaThread "Thread-15" daemon [_thread_in_native, id=49804, stack(0x0000006be7c00000,0x0000006be7d00000)]
  0x00000242fd788020 JavaThread "Thread-16" daemon [_thread_in_native, id=26740, stack(0x0000006be7d00000,0x0000006be7e00000)]
  0x00000242fd785290 JavaThread "Thread-17" daemon [_thread_in_native, id=7744, stack(0x0000006be7e00000,0x0000006be7f00000)]
  0x00000242fd788f50 JavaThread "Thread-18" daemon [_thread_in_native, id=23528, stack(0x0000006be7f00000,0x0000006be8000000)]
  0x00000242fd789970 JavaThread "Thread-19" daemon [_thread_in_native, id=13652, stack(0x0000006be8000000,0x0000006be8100000)]
  0x00000242fd7866d0 JavaThread "Thread-20" daemon [_thread_in_native, id=13892, stack(0x0000006be8100000,0x0000006be8200000)]
  0x00000242fd789e80 JavaThread "Thread-21" daemon [_thread_in_native, id=49696, stack(0x0000006be8200000,0x0000006be8300000)]
  0x00000242fd78a390 JavaThread "Thread-22" daemon [_thread_in_native, id=18768, stack(0x0000006be8300000,0x0000006be8400000)]
  0x00000242fd786be0 JavaThread "Thread-23" daemon [_thread_in_native, id=43884, stack(0x0000006be8400000,0x0000006be8500000)]
  0x00000242fd63a660 JavaThread "Thread-24" daemon [_thread_in_native, id=3156, stack(0x0000006be8500000,0x0000006be8600000)]
  0x00000242fd639c40 JavaThread "Thread-25" daemon [_thread_in_native, id=46936, stack(0x0000006be8600000,0x0000006be8700000)]
  0x00000242fd639730 JavaThread "Thread-26" daemon [_thread_in_native, id=48148, stack(0x0000006be8700000,0x0000006be8800000)]
  0x00000242fd63bfb0 JavaThread "pool-2-thread-1" [_thread_blocked, id=46376, stack(0x0000006be8800000,0x0000006be8900000)]
  0x00000242fd6373c0 JavaThread "Worker-3: Shutdown..." [_thread_in_vm, id=28028, stack(0x0000006be8900000,0x0000006be8a00000)]
  0x00000242fd636eb0 JavaThread "WorkspaceEventsHandler" [_thread_blocked, id=37764, stack(0x0000006be5700000,0x0000006be5800000)]
  0x00000242fd6369a0 JavaThread "pool-1-thread-1" [_thread_blocked, id=7956, stack(0x0000006be8b00000,0x0000006be8c00000)]
  0x0000024291eb4d80 JavaThread "Cleaner-0" daemon [_thread_blocked, id=51156, stack(0x0000006bed800000,0x0000006bed900000)]
  0x00000242918af750 JavaThread "pool-4-thread-1" [_thread_blocked, id=57624, stack(0x0000006be3300000,0x0000006be3400000)]
  0x00000242fd56b0a0 JavaThread "C2 CompilerThread1" daemon [_thread_in_native, id=3820, stack(0x0000006be3400000,0x0000006be3500000)]

Other Threads:
  0x00000242fa07c9d0 VMThread "VM Thread" [stack: 0x0000006be3800000,0x0000006be3900000] [id=14224]
  0x00000242fd23c3b0 WatcherThread [stack: 0x0000006be4700000,0x0000006be4800000] [id=34488]
  0x00000242f007fdd0 GCTaskThread "GC Thread#0" [stack: 0x0000006be3700000,0x0000006be3800000] [id=17180]
  0x00000242fd8ae070 GCTaskThread "GC Thread#1" [stack: 0x0000006be4a00000,0x0000006be4b00000] [id=49124]
  0x00000242fd4dfe00 GCTaskThread "GC Thread#2" [stack: 0x0000006be4b00000,0x0000006be4c00000] [id=48360]
  0x00000242fd4e00c0 GCTaskThread "GC Thread#3" [stack: 0x0000006be4c00000,0x0000006be4d00000] [id=8948]
  0x00000242fd4e55c0 GCTaskThread "GC Thread#4" [stack: 0x0000006be4d00000,0x0000006be4e00000] [id=43488]
  0x00000242fd4e5880 GCTaskThread "GC Thread#5" [stack: 0x0000006be4e00000,0x0000006be4f00000] [id=5732]
  0x00000242fd81a6a0 GCTaskThread "GC Thread#6" [stack: 0x0000006be4900000,0x0000006be4a00000] [id=51600]
  0x00000242fd81ad70 GCTaskThread "GC Thread#7" [stack: 0x0000006be5000000,0x0000006be5100000] [id=47800]
  0x00000242fe0b80f0 GCTaskThread "GC Thread#8" [stack: 0x0000006be5300000,0x0000006be5400000] [id=6108]
  0x00000242fdff25c0 GCTaskThread "GC Thread#9" [stack: 0x0000006be5a00000,0x0000006be5b00000] [id=51812]
  0x00000242fe01d450 GCTaskThread "GC Thread#10" [stack: 0x0000006be5b00000,0x0000006be5c00000] [id=51864]
  0x00000242fe01d710 GCTaskThread "GC Thread#11" [stack: 0x0000006be5c00000,0x0000006be5d00000] [id=13444]
  0x00000242fe0b0580 GCTaskThread "GC Thread#12" [stack: 0x0000006be5f00000,0x0000006be6000000] [id=51132]
  0x00000242fe0b0840 GCTaskThread "GC Thread#13" [stack: 0x0000006be6000000,0x0000006be6100000] [id=51848]
  0x00000242fe0aef80 GCTaskThread "GC Thread#14" [stack: 0x0000006be6100000,0x0000006be6200000] [id=9424]
  0x00000242fe0b02c0 GCTaskThread "GC Thread#15" [stack: 0x0000006be6200000,0x0000006be6300000] [id=41904]
  0x00000242fe0aecc0 GCTaskThread "GC Thread#16" [stack: 0x0000006be6600000,0x0000006be6700000] [id=52068]
  0x00000242fe0af240 GCTaskThread "GC Thread#17" [stack: 0x0000006be6700000,0x0000006be6800000] [id=52216]

Threads with active compile tasks:
C2 CompilerThread0  18548478 15958   !   4       org.eclipse.osgi.internal.framework.BundleContextImpl::dispatchEvent (558 bytes)
C2 CompilerThread1  18548481 15996   !   4       java.util.concurrent.ConcurrentHashMap::putVal (433 bytes)

VM state: not at safepoint (normal execution)

VM Mutex/Monitor currently owned by a thread: None

Heap address: 0x00000000c0000000, size: 1024 MB, Compressed Oops mode: 32-bit

CDS archive(s) not mapped
Compressed class space mapped at: 0x0000000100000000-0x0000000140000000, reserved size: 1073741824
Narrow klass base: 0x0000000000000000, Narrow klass shift: 3, Narrow klass range: 0x140000000

GC Precious Log:
 CPUs: 24 total, 24 available
 Memory: 32503M
 Large Page Support: Disabled
 NUMA Support: Disabled
 Compressed Oops: Enabled (32-bit)
 Alignments: Space 512K, Generation 512K, Heap 2M
 Heap Min Capacity: 100M
 Heap Initial Capacity: 100M
 Heap Max Capacity: 1G
 Pre-touch: Disabled
 Parallel Workers: 18

Heap:
 PSYoungGen      total 1536K, used 509K [0x00000000eab00000, 0x00000000eae00000, 0x0000000100000000)
  eden space 1024K, 1% used [0x00000000eab00000,0x00000000eab035a8,0x00000000eac00000)
  from space 512K, 96% used [0x00000000ead80000,0x00000000eadfc028,0x00000000eae00000)
  to   space 1024K, 0% used [0x00000000eac00000,0x00000000eac00000,0x00000000ead00000)
 ParOldGen       total 257024K, used 238113K [0x00000000c0000000, 0x00000000cfb00000, 0x00000000eab00000)
  object space 257024K, 92% used [0x00000000c0000000,0x00000000ce888550,0x00000000cfb00000)
 Metaspace       used 85742K, committed 87232K, reserved 1179648K
  class space    used 9007K, committed 9728K, reserved 1048576K

Card table byte_map: [0x00000242ef9f0000,0x00000242efc00000] _byte_map_base: 0x00000242ef3f0000

Marking Bits: (ParMarkBitMap*) 0x00007ff9932d6940
 Begin Bits: [0x00000242f2cf0000, 0x00000242f3cf0000)
 End Bits:   [0x00000242f3cf0000, 0x00000242f4cf0000)

Polling page: 0x00000242ee030000

Metaspace:

Usage:
  Non-class:     74.94 MB used.
      Class:      8.80 MB used.
       Both:     83.73 MB used.

Virtual space:
  Non-class space:      128.00 MB reserved,      75.69 MB ( 59%) committed,  2 nodes.
      Class space:        1.00 GB reserved,       9.50 MB ( <1%) committed,  1 nodes.
             Both:        1.12 GB reserved,      85.19 MB (  7%) committed. 

Chunk freelists:
   Non-Class:  2.91 MB
       Class:  6.54 MB
        Both:  9.45 MB

MaxMetaspaceSize: unlimited
CompressedClassSpaceSize: 1.00 GB
Initial GC threshold: 21.00 MB
Current GC threshold: 118.69 MB
CDS: off
MetaspaceReclaimPolicy: balanced
 - commit_granule_bytes: 65536.
 - commit_granule_words: 8192.
 - virtual_space_node_default_size: 8388608.
 - enlarge_chunks_in_place: 1.
 - new_chunks_are_fully_committed: 0.
 - uncommit_free_chunks: 1.
 - use_allocation_guard: 0.
 - handle_deallocations: 1.


Internal statistics:

num_allocs_failed_limit: 6.
num_arena_births: 1144.
num_arena_deaths: 24.
num_vsnodes_births: 3.
num_vsnodes_deaths: 0.
num_space_committed: 1363.
num_space_uncommitted: 0.
num_chunks_returned_to_freelist: 35.
num_chunks_taken_from_freelist: 4886.
num_chunk_merges: 15.
num_chunk_splits: 2886.
num_chunks_enlarged: 1452.
num_inconsistent_stats: 0.

CodeHeap 'non-profiled nmethods': size=119168Kb used=10536Kb max_used=10536Kb free=108632Kb
 bounds [0x0000024287ba0000, 0x00000242885f0000, 0x000002428f000000]
CodeHeap 'profiled nmethods': size=119104Kb used=25573Kb max_used=25573Kb free=93530Kb
 bounds [0x0000024280000000, 0x0000024281900000, 0x0000024287450000]
CodeHeap 'non-nmethods': size=7488Kb used=1448Kb max_used=3222Kb free=6040Kb
 bounds [0x0000024287450000, 0x0000024287780000, 0x0000024287ba0000]
 total_blobs=12619 nmethods=11818 adapters=709
 compilation: enabled
              stopped_count=0, restarted_count=0
 full_count=0

Compilation events (20 events):
Event: 18541.066 Thread 0x00000242fa0cd780 nmethod 15948 0x00000242818d8b10 code [0x00000242818d8ce0, 0x00000242818d9048]
Event: 18548.002 Thread 0x00000242fa0cc6d0 15949       4       java.lang.Thread::getContextClassLoader (32 bytes)
Event: 18548.004 Thread 0x00000242fa0cc6d0 nmethod 15949 0x00000242885e8910 code [0x00000242885e8a80, 0x00000242885e8b38]
Event: 18548.004 Thread 0x00000242fa0cd780 15950   !   3       org.eclipse.osgi.internal.framework.BundleContextImpl::setContextFinder (77 bytes)
Event: 18548.016 Thread 0x00000242fa0cc6d0 15958   !   4       org.eclipse.osgi.internal.framework.BundleContextImpl::dispatchEvent (558 bytes)
Event: 18548.019 Thread 0x00000242fa0cd780 nmethod 15950 0x00000242818d9210 code [0x00000242818d94e0, 0x00000242818da5d8]
Event: 18548.019 Thread 0x00000242fa0cd780 15951       3       org.apache.aries.spifly.BaseActivator::addConsumerWeavingData (394 bytes)
Event: 18548.049 Thread 0x00000242fa0cd780 nmethod 15951 0x00000242818dac90 code [0x00000242818db560, 0x00000242818e1678]
Event: 18548.049 Thread 0x00000242fa0cd780 15952       3       org.apache.aries.spifly.BaseActivator::getAllHeaders (189 bytes)
Event: 18548.057 Thread 0x00000242fa0cd780 nmethod 15952 0x00000242818e3390 code [0x00000242818e37e0, 0x00000242818e5fb8]
Event: 18548.057 Thread 0x00000242fa0cd780 15953       3       org.apache.aries.spifly.BaseActivator::getAutoConsumerInstructions (16 bytes)
Event: 18548.058 Thread 0x00000242fa0cd780 nmethod 15953 0x00000242818e6e10 code [0x00000242818e6fc0, 0x00000242818e7198]
Event: 18548.058 Thread 0x00000242fa0cd780 15954       3       org.apache.aries.spifly.BaseActivator$$Lambda$121/0x000000010019e6b8::get (4 bytes)
Event: 18548.058 Thread 0x00000242fa0cd780 nmethod 15954 0x00000242818e7290 code [0x00000242818e74a0, 0x00000242818e7af8]
Event: 18548.058 Thread 0x00000242fa0cd780 15955       3       org.apache.aries.spifly.BaseActivator$$Lambda$122/0x000000010019e8d0::<init> (10 bytes)
Event: 18548.058 Thread 0x00000242fa0cd780 nmethod 15955 0x00000242818e7d10 code [0x00000242818e7ea0, 0x00000242818e8018]
Event: 18548.058 Thread 0x00000242fa0cd780 15956       3       aQute.bnd.stream.EntryPipeline::findFirst (10 bytes)
Event: 18548.058 Thread 0x00000242fa0cd780 nmethod 15956 0x00000242818e8110 code [0x00000242818e82e0, 0x00000242818e86a8]
Event: 18548.058 Thread 0x00000242fa0cd780 15957       3       org.apache.aries.spifly.BaseActivator$$Lambda$123/0x000000010019eb20::<init> (10 bytes)
Event: 18548.058 Thread 0x00000242fa0cd780 nmethod 15957 0x00000242818e8810 code [0x00000242818e89a0, 0x00000242818e8b18]

GC Heap History (20 events):
Event: 6781.347 GC heap before
{Heap before GC invocations=248 (full 9):
 PSYoungGen      total 3584K, used 3368K [0x00000000eab00000, 0x00000000eb080000, 0x0000000100000000)
  eden space 1536K, 100% used [0x00000000eab00000,0x00000000eac80000,0x00000000eac80000)
  from space 2048K, 89% used [0x00000000eac80000,0x00000000eae4a220,0x00000000eae80000)
  to   space 2048K, 0% used [0x00000000eae80000,0x00000000eae80000,0x00000000eb080000)
 ParOldGen       total 257024K, used 235511K [0x00000000c0000000, 0x00000000cfb00000, 0x00000000eab00000)
  object space 257024K, 91% used [0x00000000c0000000,0x00000000ce5fdf48,0x00000000cfb00000)
 Metaspace       used 85077K, committed 86528K, reserved 1179648K
  class space    used 8929K, committed 9600K, reserved 1048576K
}
Event: 6781.350 GC heap after
{Heap after GC invocations=248 (full 9):
 PSYoungGen      total 3072K, used 2026K [0x00000000eab00000, 0x00000000eb180000, 0x0000000100000000)
  eden space 1024K, 0% used [0x00000000eab00000,0x00000000eab00000,0x00000000eac00000)
  from space 2048K, 98% used [0x00000000eae80000,0x00000000eb07a908,0x00000000eb080000)
  to   space 2560K, 0% used [0x00000000eac00000,0x00000000eac00000,0x00000000eae80000)
 ParOldGen       total 257024K, used 235639K [0x00000000c0000000, 0x00000000cfb00000, 0x00000000eab00000)
  object space 257024K, 91% used [0x00000000c0000000,0x00000000ce61df48,0x00000000cfb00000)
 Metaspace       used 85077K, committed 86528K, reserved 1179648K
  class space    used 8929K, committed 9600K, reserved 1048576K
}
Event: 6781.412 GC heap before
{Heap before GC invocations=249 (full 9):
 PSYoungGen      total 3072K, used 3050K [0x00000000eab00000, 0x00000000eb180000, 0x0000000100000000)
  eden space 1024K, 100% used [0x00000000eab00000,0x00000000eac00000,0x00000000eac00000)
  from space 2048K, 98% used [0x00000000eae80000,0x00000000eb07a908,0x00000000eb080000)
  to   space 2560K, 0% used [0x00000000eac00000,0x00000000eac00000,0x00000000eae80000)
 ParOldGen       total 257024K, used 235639K [0x00000000c0000000, 0x00000000cfb00000, 0x00000000eab00000)
  object space 257024K, 91% used [0x00000000c0000000,0x00000000ce61df48,0x00000000cfb00000)
 Metaspace       used 85295K, committed 86720K, reserved 1179648K
  class space    used 8954K, committed 9600K, reserved 1048576K
}
Event: 6781.414 GC heap after
{Heap after GC invocations=249 (full 9):
 PSYoungGen      total 3584K, used 2007K [0x00000000eab00000, 0x00000000eb100000, 0x0000000100000000)
  eden space 1024K, 0% used [0x00000000eab00000,0x00000000eab00000,0x00000000eac00000)
  from space 2560K, 78% used [0x00000000eac00000,0x00000000eadf5d50,0x00000000eae80000)
  to   space 2560K, 0% used [0x00000000eae80000,0x00000000eae80000,0x00000000eb100000)
 ParOldGen       total 257024K, used 235759K [0x00000000c0000000, 0x00000000cfb00000, 0x00000000eab00000)
  object space 257024K, 91% used [0x00000000c0000000,0x00000000ce63bf48,0x00000000cfb00000)
 Metaspace       used 85295K, committed 86720K, reserved 1179648K
  class space    used 8954K, committed 9600K, reserved 1048576K
}
Event: 6781.436 GC heap before
{Heap before GC invocations=250 (full 9):
 PSYoungGen      total 3584K, used 3031K [0x00000000eab00000, 0x00000000eb100000, 0x0000000100000000)
  eden space 1024K, 100% used [0x00000000eab00000,0x00000000eac00000,0x00000000eac00000)
  from space 2560K, 78% used [0x00000000eac00000,0x00000000eadf5d50,0x00000000eae80000)
  to   space 2560K, 0% used [0x00000000eae80000,0x00000000eae80000,0x00000000eb100000)
 ParOldGen       total 257024K, used 235759K [0x00000000c0000000, 0x00000000cfb00000, 0x00000000eab00000)
  object space 257024K, 91% used [0x00000000c0000000,0x00000000ce63bf48,0x00000000cfb00000)
 Metaspace       used 85318K, committed 86720K, reserved 1179648K
  class space    used 8957K, committed 9600K, reserved 1048576K
}
Event: 6781.438 GC heap after
{Heap after GC invocations=250 (full 9):
 PSYoungGen      total 3584K, used 2103K [0x00000000eab00000, 0x00000000eb100000, 0x0000000100000000)
  eden space 1024K, 0% used [0x00000000eab00000,0x00000000eab00000,0x00000000eac00000)
  from space 2560K, 82% used [0x00000000eae80000,0x00000000eb08dd60,0x00000000eb100000)
  to   space 2560K, 0% used [0x00000000eac00000,0x00000000eac00000,0x00000000eae80000)
 ParOldGen       total 257024K, used 235759K [0x00000000c0000000, 0x00000000cfb00000, 0x00000000eab00000)
  object space 257024K, 91% used [0x00000000c0000000,0x00000000ce63bf48,0x00000000cfb00000)
 Metaspace       used 85318K, committed 86720K, reserved 1179648K
  class space    used 8957K, committed 9600K, reserved 1048576K
}
Event: 6781.527 GC heap before
{Heap before GC invocations=251 (full 9):
 PSYoungGen      total 3584K, used 3127K [0x00000000eab00000, 0x00000000eb100000, 0x0000000100000000)
  eden space 1024K, 100% used [0x00000000eab00000,0x00000000eac00000,0x00000000eac00000)
  from space 2560K, 82% used [0x00000000eae80000,0x00000000eb08dd60,0x00000000eb100000)
  to   space 2560K, 0% used [0x00000000eac00000,0x00000000eac00000,0x00000000eae80000)
 ParOldGen       total 257024K, used 235759K [0x00000000c0000000, 0x00000000cfb00000, 0x00000000eab00000)
  object space 257024K, 91% used [0x00000000c0000000,0x00000000ce63bf48,0x00000000cfb00000)
 Metaspace       used 85400K, committed 86848K, reserved 1179648K
  class space    used 8963K, committed 9600K, reserved 1048576K
}
Event: 6781.529 GC heap after
{Heap after GC invocations=251 (full 9):
 PSYoungGen      total 3072K, used 1845K [0x00000000eab00000, 0x00000000eb000000, 0x0000000100000000)
  eden space 1024K, 0% used [0x00000000eab00000,0x00000000eab00000,0x00000000eac00000)
  from space 2048K, 90% used [0x00000000eac00000,0x00000000eadcd668,0x00000000eae00000)
  to   space 2048K, 0% used [0x00000000eae00000,0x00000000eae00000,0x00000000eb000000)
 ParOldGen       total 257024K, used 236111K [0x00000000c0000000, 0x00000000cfb00000, 0x00000000eab00000)
  object space 257024K, 91% used [0x00000000c0000000,0x00000000ce693f48,0x00000000cfb00000)
 Metaspace       used 85400K, committed 86848K, reserved 1179648K
  class space    used 8963K, committed 9600K, reserved 1048576K
}
Event: 6784.935 GC heap before
{Heap before GC invocations=252 (full 9):
 PSYoungGen      total 3072K, used 2869K [0x00000000eab00000, 0x00000000eb000000, 0x0000000100000000)
  eden space 1024K, 100% used [0x00000000eab00000,0x00000000eac00000,0x00000000eac00000)
  from space 2048K, 90% used [0x00000000eac00000,0x00000000eadcd668,0x00000000eae00000)
  to   space 2048K, 0% used [0x00000000eae00000,0x00000000eae00000,0x00000000eb000000)
 ParOldGen       total 257024K, used 236111K [0x00000000c0000000, 0x00000000cfb00000, 0x00000000eab00000)
  object space 257024K, 91% used [0x00000000c0000000,0x00000000ce693f48,0x00000000cfb00000)
 Metaspace       used 85577K, committed 86976K, reserved 1179648K
  class space    used 8987K, committed 9600K, reserved 1048576K
}
Event: 6784.938 GC heap after
{Heap after GC invocations=252 (full 9):
 PSYoungGen      total 3072K, used 1598K [0x00000000eab00000, 0x00000000eb000000, 0x0000000100000000)
  eden space 1024K, 0% used [0x00000000eab00000,0x00000000eab00000,0x00000000eac00000)
  from space 2048K, 78% used [0x00000000eae00000,0x00000000eaf8f898,0x00000000eb000000)
  to   space 2048K, 0% used [0x00000000eac00000,0x00000000eac00000,0x00000000eae00000)
 ParOldGen       total 257024K, used 236503K [0x00000000c0000000, 0x00000000cfb00000, 0x00000000eab00000)
  object space 257024K, 92% used [0x00000000c0000000,0x00000000ce6f5f48,0x00000000cfb00000)
 Metaspace       used 85577K, committed 86976K, reserved 1179648K
  class space    used 8987K, committed 9600K, reserved 1048576K
}
Event: 6790.730 GC heap before
{Heap before GC invocations=253 (full 9):
 PSYoungGen      total 3072K, used 2622K [0x00000000eab00000, 0x00000000eb000000, 0x0000000100000000)
  eden space 1024K, 100% used [0x00000000eab00000,0x00000000eac00000,0x00000000eac00000)
  from space 2048K, 78% used [0x00000000eae00000,0x00000000eaf8f898,0x00000000eb000000)
  to   space 2048K, 0% used [0x00000000eac00000,0x00000000eac00000,0x00000000eae00000)
 ParOldGen       total 257024K, used 236503K [0x00000000c0000000, 0x00000000cfb00000, 0x00000000eab00000)
  object space 257024K, 92% used [0x00000000c0000000,0x00000000ce6f5f48,0x00000000cfb00000)
 Metaspace       used 85601K, committed 87104K, reserved 1179648K
  class space    used 8990K, committed 9664K, reserved 1048576K
}
Event: 6790.733 GC heap after
{Heap after GC invocations=253 (full 9):
 PSYoungGen      total 2560K, used 1358K [0x00000000eab00000, 0x00000000eaf00000, 0x0000000100000000)
  eden space 1024K, 0% used [0x00000000eab00000,0x00000000eab00000,0x00000000eac00000)
  from space 1536K, 88% used [0x00000000eac00000,0x00000000ead53870,0x00000000ead80000)
  to   space 1536K, 0% used [0x00000000ead80000,0x00000000ead80000,0x00000000eaf00000)
 ParOldGen       total 257024K, used 236887K [0x00000000c0000000, 0x00000000cfb00000, 0x00000000eab00000)
  object space 257024K, 92% used [0x00000000c0000000,0x00000000ce755f48,0x00000000cfb00000)
 Metaspace       used 85601K, committed 87104K, reserved 1179648K
  class space    used 8990K, committed 9664K, reserved 1048576K
}
Event: 6790.965 GC heap before
{Heap before GC invocations=254 (full 9):
 PSYoungGen      total 2560K, used 2382K [0x00000000eab00000, 0x00000000eaf00000, 0x0000000100000000)
  eden space 1024K, 100% used [0x00000000eab00000,0x00000000eac00000,0x00000000eac00000)
  from space 1536K, 88% used [0x00000000eac00000,0x00000000ead53870,0x00000000ead80000)
  to   space 1536K, 0% used [0x00000000ead80000,0x00000000ead80000,0x00000000eaf00000)
 ParOldGen       total 257024K, used 236887K [0x00000000c0000000, 0x00000000cfb00000, 0x00000000eab00000)
  object space 257024K, 92% used [0x00000000c0000000,0x00000000ce755f48,0x00000000cfb00000)
 Metaspace       used 85607K, committed 87104K, reserved 1179648K
  class space    used 8991K, committed 9664K, reserved 1048576K
}
Event: 6790.969 GC heap after
{Heap after GC invocations=254 (full 9):
 PSYoungGen      total 2560K, used 1150K [0x00000000eab00000, 0x00000000eaf00000, 0x0000000100000000)
  eden space 1024K, 0% used [0x00000000eab00000,0x00000000eab00000,0x00000000eac00000)
  from space 1536K, 74% used [0x00000000ead80000,0x00000000eae9f898,0x00000000eaf00000)
  to   space 1536K, 0% used [0x00000000eac00000,0x00000000eac00000,0x00000000ead80000)
 ParOldGen       total 257024K, used 237255K [0x00000000c0000000, 0x00000000cfb00000, 0x00000000eab00000)
  object space 257024K, 92% used [0x00000000c0000000,0x00000000ce7b1f48,0x00000000cfb00000)
 Metaspace       used 85607K, committed 87104K, reserved 1179648K
  class space    used 8991K, committed 9664K, reserved 1048576K
}
Event: 8851.944 GC heap before
{Heap before GC invocations=255 (full 9):
 PSYoungGen      total 2560K, used 2174K [0x00000000eab00000, 0x00000000eaf00000, 0x0000000100000000)
  eden space 1024K, 99% used [0x00000000eab00000,0x00000000eabfff68,0x00000000eac00000)
  from space 1536K, 74% used [0x00000000ead80000,0x00000000eae9f898,0x00000000eaf00000)
  to   space 1536K, 0% used [0x00000000eac00000,0x00000000eac00000,0x00000000ead80000)
 ParOldGen       total 257024K, used 237255K [0x00000000c0000000, 0x00000000cfb00000, 0x00000000eab00000)
  object space 257024K, 92% used [0x00000000c0000000,0x00000000ce7b1f48,0x00000000cfb00000)
 Metaspace       used 85639K, committed 87104K, reserved 1179648K
  class space    used 8991K, committed 9664K, reserved 1048576K
}
Event: 8851.951 GC heap after
{Heap after GC invocations=255 (full 9):
 PSYoungGen      total 2560K, used 1023K [0x00000000eab00000, 0x00000000eaf00000, 0x0000000100000000)
  eden space 1024K, 0% used [0x00000000eab00000,0x00000000eab00000,0x00000000eac00000)
  from space 1536K, 66% used [0x00000000eac00000,0x00000000eacfff48,0x00000000ead80000)
  to   space 1536K, 0% used [0x00000000ead80000,0x00000000ead80000,0x00000000eaf00000)
 ParOldGen       total 257024K, used 237383K [0x00000000c0000000, 0x00000000cfb00000, 0x00000000eab00000)
  object space 257024K, 92% used [0x00000000c0000000,0x00000000ce7d1f48,0x00000000cfb00000)
 Metaspace       used 85639K, committed 87104K, reserved 1179648K
  class space    used 8991K, committed 9664K, reserved 1048576K
}
Event: 9700.250 GC heap before
{Heap before GC invocations=256 (full 9):
 PSYoungGen      total 2560K, used 2047K [0x00000000eab00000, 0x00000000eaf00000, 0x0000000100000000)
  eden space 1024K, 99% used [0x00000000eab00000,0x00000000eabfffe0,0x00000000eac00000)
  from space 1536K, 66% used [0x00000000eac00000,0x00000000eacfff48,0x00000000ead80000)
  to   space 1536K, 0% used [0x00000000ead80000,0x00000000ead80000,0x00000000eaf00000)
 ParOldGen       total 257024K, used 237383K [0x00000000c0000000, 0x00000000cfb00000, 0x00000000eab00000)
  object space 257024K, 92% used [0x00000000c0000000,0x00000000ce7d1f48,0x00000000cfb00000)
 Metaspace       used 85642K, committed 87104K, reserved 1179648K
  class space    used 8991K, committed 9664K, reserved 1048576K
}
Event: 9700.255 GC heap after
{Heap after GC invocations=256 (full 9):
 PSYoungGen      total 2048K, used 958K [0x00000000eab00000, 0x00000000eae80000, 0x0000000100000000)
  eden space 1024K, 0% used [0x00000000eab00000,0x00000000eab00000,0x00000000eac00000)
  from space 1024K, 93% used [0x00000000ead80000,0x00000000eae6f860,0x00000000eae80000)
  to   space 1024K, 0% used [0x00000000eac80000,0x00000000eac80000,0x00000000ead80000)
 ParOldGen       total 257024K, used 237511K [0x00000000c0000000, 0x00000000cfb00000, 0x00000000eab00000)
  object space 257024K, 92% used [0x00000000c0000000,0x00000000ce7f1f48,0x00000000cfb00000)
 Metaspace       used 85642K, committed 87104K, reserved 1179648K
  class space    used 8991K, committed 9664K, reserved 1048576K
}
Event: 18547.389 GC heap before
{Heap before GC invocations=257 (full 9):
 PSYoungGen      total 2048K, used 1981K [0x00000000eab00000, 0x00000000eae80000, 0x0000000100000000)
  eden space 1024K, 99% used [0x00000000eab00000,0x00000000eabffd88,0x00000000eac00000)
  from space 1024K, 93% used [0x00000000ead80000,0x00000000eae6f860,0x00000000eae80000)
  to   space 1024K, 0% used [0x00000000eac80000,0x00000000eac80000,0x00000000ead80000)
 ParOldGen       total 257024K, used 237511K [0x00000000c0000000, 0x00000000cfb00000, 0x00000000eab00000)
  object space 257024K, 92% used [0x00000000c0000000,0x00000000ce7f1f48,0x00000000cfb00000)
 Metaspace       used 85653K, committed 87104K, reserved 1179648K
  class space    used 8992K, committed 9664K, reserved 1048576K
}
Event: 18547.464 GC heap after
{Heap after GC invocations=257 (full 9):
 PSYoungGen      total 2048K, used 910K [0x00000000eab00000, 0x00000000eae00000, 0x0000000100000000)
  eden space 1024K, 0% used [0x00000000eab00000,0x00000000eab00000,0x00000000eac00000)
  from space 1024K, 88% used [0x00000000eac80000,0x00000000ead63870,0x00000000ead80000)
  to   space 512K, 0% used [0x00000000ead80000,0x00000000ead80000,0x00000000eae00000)
 ParOldGen       total 257024K, used 237695K [0x00000000c0000000, 0x00000000cfb00000, 0x00000000eab00000)
  object space 257024K, 92% used [0x00000000c0000000,0x00000000ce81ff48,0x00000000cfb00000)
 Metaspace       used 85653K, committed 87104K, reserved 1179648K
  class space    used 8992K, committed 9664K, reserved 1048576K
}

Dll operation events (12 events):
Event: 0.329 Loaded shared library c:\Users\Sean Kyle\.vscode\extensions\redhat.java-1.36.0-win32-x64\jre\17.0.13-win32-x86_64\bin\java.dll
Event: 0.765 Loaded shared library c:\Users\Sean Kyle\.vscode\extensions\redhat.java-1.36.0-win32-x64\jre\17.0.13-win32-x86_64\bin\zip.dll
Event: 0.772 Loaded shared library C:\Users\Sean Kyle\.vscode\extensions\redhat.java-1.36.0-win32-x64\jre\17.0.13-win32-x86_64\bin\instrument.dll
Event: 0.808 Loaded shared library C:\Users\Sean Kyle\.vscode\extensions\redhat.java-1.36.0-win32-x64\jre\17.0.13-win32-x86_64\bin\net.dll
Event: 0.822 Loaded shared library C:\Users\Sean Kyle\.vscode\extensions\redhat.java-1.36.0-win32-x64\jre\17.0.13-win32-x86_64\bin\nio.dll
Event: 0.843 Loaded shared library C:\Users\Sean Kyle\.vscode\extensions\redhat.java-1.36.0-win32-x64\jre\17.0.13-win32-x86_64\bin\zip.dll
Event: 0.876 Loaded shared library C:\Users\Sean Kyle\.vscode\extensions\redhat.java-1.36.0-win32-x64\jre\17.0.13-win32-x86_64\bin\jimage.dll
Event: 1.441 Loaded shared library c:\Users\Sean Kyle\.vscode\extensions\redhat.java-1.36.0-win32-x64\jre\17.0.13-win32-x86_64\bin\verify.dll
Event: 4.565 Loaded shared library C:\Users\Sean Kyle\AppData\Roaming\Code\User\globalStorage\redhat.java\1.36.0\config_win\org.eclipse.equinox.launcher\org.eclipse.equinox.launcher.win32.win32.x86_64_1.2.1100.v20240722-2106\eclipse_11904.dll
Event: 8.017 Loaded shared library C:\Users\Sean Kyle\AppData\Local\Temp\jna--690023192\jna11265214286491531202.dll
Event: 6780.743 Loaded shared library C:\Users\Sean Kyle\.vscode\extensions\redhat.java-1.36.0-win32-x64\jre\17.0.13-win32-x86_64\bin\sunmscapi.dll
Event: 6781.012 Loaded shared library C:\Users\Sean Kyle\.vscode\extensions\redhat.java-1.36.0-win32-x64\jre\17.0.13-win32-x86_64\bin\extnet.dll

Deoptimization events (20 events):
Event: 6781.509 Thread 0x00000242918b3410 DEOPT PACKING pc=0x00000242885d0f0c sp=0x0000006be8cfe6c0
Event: 6781.509 Thread 0x00000242918b3410 DEOPT UNPACKING pc=0x00000242874a66a3 sp=0x0000006be8cfe650 mode 2
Event: 6781.634 Thread 0x00000242918b3410 DEOPT PACKING pc=0x0000024280fae65b sp=0x0000006be8cfe260
Event: 6781.634 Thread 0x00000242918b3410 DEOPT UNPACKING pc=0x00000242874a6e43 sp=0x0000006be8cfd690 mode 0
Event: 6781.634 Thread 0x00000242918b3410 DEOPT PACKING pc=0x0000024280fae65b sp=0x0000006be8cfe260
Event: 6781.634 Thread 0x00000242918b3410 DEOPT UNPACKING pc=0x00000242874a6e43 sp=0x0000006be8cfd690 mode 0
Event: 6781.634 Thread 0x00000242918b3410 DEOPT PACKING pc=0x0000024280fae65b sp=0x0000006be8cfe260
Event: 6781.634 Thread 0x00000242918b3410 DEOPT UNPACKING pc=0x00000242874a6e43 sp=0x0000006be8cfd690 mode 0
Event: 6781.648 Thread 0x00000242918b3410 Uncommon trap: trap_request=0xffffff45 fr.pc=0x000002428800f6a0 relative=0x0000000000000300
Event: 6781.648 Thread 0x00000242918b3410 Uncommon trap: reason=unstable_if action=reinterpret pc=0x000002428800f6a0 method=org.eclipse.jdt.core.compiler.CharOperation.indexOf([C[CZII)I @ 108 c2
Event: 6781.649 Thread 0x00000242918b3410 DEOPT PACKING pc=0x000002428800f6a0 sp=0x0000006be8cff360
Event: 6781.649 Thread 0x00000242918b3410 DEOPT UNPACKING pc=0x00000242874a66a3 sp=0x0000006be8cff2d0 mode 2
Event: 6781.650 Thread 0x00000242918b3410 Uncommon trap: trap_request=0xffffff45 fr.pc=0x00000242882effd4 relative=0x0000000000000134
Event: 6781.650 Thread 0x00000242918b3410 Uncommon trap: reason=unstable_if action=reinterpret pc=0x00000242882effd4 method=org.eclipse.jdt.internal.compiler.parser.ScannerHelper.toLowerCase(C)C @ 28 c2
Event: 6781.651 Thread 0x00000242918b3410 DEOPT PACKING pc=0x00000242882effd4 sp=0x0000006be8cff2c0
Event: 6781.651 Thread 0x00000242918b3410 DEOPT UNPACKING pc=0x00000242874a66a3 sp=0x0000006be8cff260 mode 2
Event: 18540.879 Thread 0x00000242fd6369a0 Uncommon trap: trap_request=0x0000002e fr.pc=0x0000024287f03820 relative=0x0000000000000320
Event: 18540.891 Thread 0x00000242fd6369a0 Uncommon trap: reason=unloaded action=reinterpret pc=0x0000024287f03820 method=org.eclipse.jdt.ls.core.internal.ConnectionStreamFactory$NamedPipeInputStream.read()I @ 119 c2
Event: 18540.892 Thread 0x00000242fd6369a0 DEOPT PACKING pc=0x0000024287f03820 sp=0x0000006be8bff430
Event: 18540.893 Thread 0x00000242fd6369a0 DEOPT UNPACKING pc=0x00000242874a66a3 sp=0x0000006be8bff3e0 mode 2

Classes loaded (20 events):
Event: 6781.635 Loading class sun/net/www/http/KeepAliveCache$1
Event: 6781.635 Loading class sun/net/www/http/KeepAliveCache$1 done
Event: 6781.635 Loading class sun/net/www/http/ClientVector
Event: 6781.636 Loading class sun/net/www/http/ClientVector done
Event: 6781.637 Loading class sun/net/www/http/KeepAliveEntry
Event: 6781.638 Loading class sun/net/www/http/KeepAliveEntry done
Event: 6786.640 Loading class sun/security/ssl/Alert
Event: 6786.641 Loading class sun/security/ssl/Alert done
Event: 6786.642 Loading class sun/security/ssl/Alert$AlertConsumer
Event: 6786.642 Loading class sun/security/ssl/Alert$AlertConsumer done
Event: 6786.642 Loading class sun/security/ssl/Alert$Level
Event: 6786.642 Loading class sun/security/ssl/Alert$Level done
Event: 18540.983 Loading class java/lang/Throwable$WrappedPrintWriter
Event: 18541.012 Loading class java/lang/Throwable$PrintStreamOrWriter
Event: 18541.015 Loading class java/lang/Throwable$PrintStreamOrWriter done
Event: 18541.015 Loading class java/lang/Throwable$WrappedPrintWriter done
Event: 18547.477 Loading class java/util/concurrent/Executors$DelegatedScheduledExecutorService
Event: 18547.522 Loading class java/util/concurrent/Executors$DelegatedExecutorService
Event: 18547.573 Loading class java/util/concurrent/Executors$DelegatedExecutorService done
Event: 18547.574 Loading class java/util/concurrent/Executors$DelegatedScheduledExecutorService done

Classes unloaded (12 events):
Event: 10.826 Thread 0x00000242fa07c9d0 Unloading class 0x0000000100254000 'java/lang/invoke/LambdaForm$MH+0x0000000100254000'
Event: 10.826 Thread 0x00000242fa07c9d0 Unloading class 0x0000000100253c00 'java/lang/invoke/LambdaForm$MH+0x0000000100253c00'
Event: 10.826 Thread 0x00000242fa07c9d0 Unloading class 0x0000000100253800 'java/lang/invoke/LambdaForm$MH+0x0000000100253800'
Event: 10.826 Thread 0x00000242fa07c9d0 Unloading class 0x0000000100253400 'java/lang/invoke/LambdaForm$MH+0x0000000100253400'
Event: 10.826 Thread 0x00000242fa07c9d0 Unloading class 0x0000000100253000 'java/lang/invoke/LambdaForm$BMH+0x0000000100253000'
Event: 10.826 Thread 0x00000242fa07c9d0 Unloading class 0x0000000100252c00 'java/lang/invoke/LambdaForm$DMH+0x0000000100252c00'
Event: 10.826 Thread 0x00000242fa07c9d0 Unloading class 0x0000000100250400 'java/lang/invoke/LambdaForm$DMH+0x0000000100250400'
Event: 37.944 Thread 0x00000242fa07c9d0 Unloading class 0x00000001007c9400 'java/lang/invoke/LambdaForm$DMH+0x00000001007c9400'
Event: 37.944 Thread 0x00000242fa07c9d0 Unloading class 0x000000010074b000 'java/lang/invoke/LambdaForm$DMH+0x000000010074b000'
Event: 37.944 Thread 0x00000242fa07c9d0 Unloading class 0x000000010074ac00 'java/lang/invoke/LambdaForm$DMH+0x000000010074ac00'
Event: 37.944 Thread 0x00000242fa07c9d0 Unloading class 0x000000010074a800 'java/lang/invoke/LambdaForm$DMH+0x000000010074a800'
Event: 37.944 Thread 0x00000242fa07c9d0 Unloading class 0x000000010074a000 'java/lang/invoke/LambdaForm$DMH+0x000000010074a000'

Classes redefined (0 events):
No events

Internal exceptions (20 events):
Event: 38.233 Thread 0x00000242918af750 Exception <a 'java/lang/LinkageError'{0x00000000eaee31b8}: loader lombok.launch.ShadowClassLoader @39041c8d attempted duplicate class definition for lombok.eclipse.agent.PatchDiagnostics. (lombok.eclipse.agent.PatchDiagnostics is in unnamed module of loader lombok.launch.ShadowClassLoader @39041c8d, parent loader org.eclipse.osgi.internal.loader.EquinoxClassLoader @1889136b)> (0x00000000eaee31b8) 
thrown [s\src\hotspot\share\classfile\systemDictionary.cpp, line 1723]
Event: 38.799 Thread 0x00000242918af750 Exception <a 'java/lang/LinkageError'{0x00000000eae00db8}: loader lombok.launch.ShadowClassLoader @39041c8d attempted duplicate class definition for lombok.launch.PatchFixesHider$ValPortal. (lombok.launch.PatchFixesHider$ValPortal is in unnamed module of loader lombok.launch.ShadowClassLoader @39041c8d, parent loader org.eclipse.osgi.internal.loader.EquinoxClassLoader @1889136b)> (0x00000000eae00db8) 
thrown [s\src\hotspot\share\classfile\systemDictionary.cpp, line 1723]
Event: 41.935 Thread 0x00000242918af240 Exception <a 'java/lang/ArrayIndexOutOfBoundsException'{0x00000000eadcc8e8}> (0x00000000eadcc8e8) 
thrown [s\src\hotspot\share\runtime\sharedRuntime.cpp, line 631]
Event: 42.428 Thread 0x0000024291eb7600 Implicit null exception at 0x0000024287dc2b72 to 0x0000024287dc5440
Event: 47.802 Thread 0x0000024291eb7600 Implicit null exception at 0x00000242883294f8 to 0x000002428832968c
Event: 99.217 Thread 0x00000242918af240 Exception <a 'java/lang/NoSuchMethodError'{0x00000000eb492d98}: 'java.lang.Object java.lang.invoke.DirectMethodHandle$Holder.invokeStatic(java.lang.Object, int, int, java.lang.Object)'> (0x00000000eb492d98) 
thrown [s\src\hotspot\share\interpreter\linkResolver.cpp, line 759]
Event: 99.506 Thread 0x00000242918af240 Exception <a 'java/lang/NoSuchMethodError'{0x00000000eb56ead0}: 'java.lang.Object java.lang.invoke.DirectMethodHandle$Holder.invokeStatic(java.lang.Object, int, java.lang.Object)'> (0x00000000eb56ead0) 
thrown [s\src\hotspot\share\interpreter\linkResolver.cpp, line 759]
Event: 99.727 Thread 0x00000242918af240 Exception <a 'java/lang/NoSuchMethodError'{0x00000000eade4a78}: 'java.lang.Object java.lang.invoke.DirectMethodHandle$Holder.newInvokeSpecial(java.lang.Object, java.lang.Object, int, java.lang.Object, java.lang.Object, java.lang.Object, java.lang.Object)'> (0x00000000eade4a78) 
thrown [s\src\hotspot\share\interpreter\linkResolver.cpp, line 759]
Event: 315.636 Thread 0x00000242fd6373c0 Exception <a 'java/lang/NoSuchMethodError'{0x00000000eb218d60}: static [J.<clinit>()V> (0x00000000eb218d60) 
thrown [s\src\hotspot\share\prims\jni.cpp, line 1112]
Event: 315.648 Thread 0x00000242fd6373c0 Exception <a 'java/lang/NoSuchMethodError'{0x00000000eb251ee8}: 'java.lang.Object java.lang.invoke.DirectMethodHandle$Holder.newInvokeSpecial(java.lang.Object, java.lang.Object, java.lang.Object, java.lang.Object, java.lang.Object, java.lang.Object, java.lang.Object, java.lang.Object)'> (0x00000000eb251ee8) 
thrown [s\src\hotspot\share\interpreter\linkResolver.cpp, line 759]
Event: 315.649 Thread 0x00000242fd6373c0 Exception <a 'java/lang/NoSuchMethodError'{0x00000000eb2568f0}: 'java.lang.Object java.lang.invoke.Invokers$Holder.linkToTargetMethod(java.lang.Object, java.lang.Object, java.lang.Object, java.lang.Object, java.lang.Object, java.lang.Object, java.lang.Object, java.lang.Object)'> (0x00000000eb2568f0) 
thrown [s\src\hotspot\share\interpreter\linkResolver.cpp, line 759]
Event: 399.137 Thread 0x0000024291eb66d0 Exception <a 'java/lang/ArrayIndexOutOfBoundsException'{0x00000000eae42ad8}: Index 7366 out of bounds for length 7365> (0x00000000eae42ad8) 
thrown [s\src\hotspot\share\interpreter\interpreterRuntime.cpp, line 428]
Event: 6767.569 Thread 0x00000242918b29f0 Implicit null exception at 0x00000242884fd016 to 0x00000242884fd838
Event: 6768.862 Thread 0x00000242918afc60 Exception <a 'java/lang/NoSuchMethodError'{0x00000000eaecc270}: 'void java.lang.invoke.DirectMethodHandle$Holder.invokeSpecial(java.lang.Object, java.lang.Object, int)'> (0x00000000eaecc270) 
thrown [s\src\hotspot\share\interpreter\linkResolver.cpp, line 759]
Event: 6769.720 Thread 0x00000242918afc60 Exception <a 'java/lang/NoSuchMethodError'{0x00000000eab5b9b8}: 'java.lang.Object java.lang.invoke.DirectMethodHandle$Holder.invokeSpecial(java.lang.Object, java.lang.Object, long, java.lang.Object, java.lang.Object, java.lang.Object, java.lang.Object, java.lang.Object, java.lang.Object, java.lang.Object, java.lang.Object, java.lang.Object)'> (0x00000000eab5b9b8) 
thrown [s\src\hotspot\share\interpreter\linkResolver.cpp, line 759]
Event: 6769.725 Thread 0x00000242918afc60 Exception <a 'java/lang/NoSuchMethodError'{0x00000000eab60150}: 'java.lang.Object java.lang.invoke.DelegatingMethodHandle$Holder.reinvoke_L(java.lang.Object, long, java.lang.Object, java.lang.Object, java.lang.Object, java.lang.Object, java.lang.Object, java.lang.Object, java.lang.Object, java.lang.Object, java.lang.Object)'> (0x00000000eab60150) 
thrown [s\src\hotspot\share\interpreter\linkResolver.cpp, line 759]
Event: 6769.754 Thread 0x00000242918afc60 Exception <a 'java/lang/NoSuchMethodError'{0x00000000eab8e270}: 'java.lang.Object java.lang.invoke.Invokers$Holder.linkToTargetMethod(java.lang.Object, java.lang.Object, java.lang.Object, java.lang.Object, java.lang.Object, java.lang.Object, java.lang.Object, java.lang.Object, java.lang.Object, java.lang.Object)'> (0x00000000eab8e270) 
thrown [s\src\hotspot\share\interpreter\linkResolver.cpp, line 759]
Event: 6780.188 Thread 0x00000242918b5270 Implicit null exception at 0x0000024281477dd6 to 0x0000024281478324
Event: 6780.188 Thread 0x00000242918b5270 Exception <a 'java/lang/NullPointerException'{0x00000000eab9e3f0}> (0x00000000eab9e3f0) 
thrown [s\src\hotspot\share\runtime\sharedRuntime.cpp, line 631]
Event: 18541.081 Thread 0x00000242fd6369a0 Exception <a 'java/io/IOException'{0x00000000eabf5b30}> (0x00000000eabf5b30) 
thrown [s\src\hotspot\share\prims\jni.cpp, line 516]

VM Operations (20 events):
Event: 17920.646 Executing VM operation: HandshakeAllThreads
Event: 17920.646 Executing VM operation: HandshakeAllThreads done
Event: 18040.719 Executing VM operation: HandshakeAllThreads
Event: 18040.719 Executing VM operation: HandshakeAllThreads done
Event: 18100.897 Executing VM operation: HandshakeAllThreads
Event: 18100.897 Executing VM operation: HandshakeAllThreads done
Event: 18160.910 Executing VM operation: HandshakeAllThreads
Event: 18160.910 Executing VM operation: HandshakeAllThreads done
Event: 18221.076 Executing VM operation: HandshakeAllThreads
Event: 18221.076 Executing VM operation: HandshakeAllThreads done
Event: 18341.186 Executing VM operation: HandshakeAllThreads
Event: 18341.186 Executing VM operation: HandshakeAllThreads done
Event: 18401.305 Executing VM operation: HandshakeAllThreads
Event: 18401.306 Executing VM operation: HandshakeAllThreads done
Event: 18541.225 Executing VM operation: Cleanup
Event: 18541.225 Executing VM operation: Cleanup done
Event: 18547.388 Executing VM operation: ParallelGCFailedAllocation
Event: 18547.464 Executing VM operation: ParallelGCFailedAllocation done
Event: 18547.815 Executing VM operation: HandshakeAllThreads
Event: 18547.816 Executing VM operation: HandshakeAllThreads done

Memory protections (0 events):
No events

Nmethod flushes (20 events):
Event: 6780.570 Thread 0x00000242fa0d8870 flushing  nmethod 0x00000242813d4b90
Event: 6780.570 Thread 0x00000242fa0d8870 flushing  nmethod 0x00000242813d5b90
Event: 6780.570 Thread 0x00000242fa0d8870 flushing  nmethod 0x00000242813d6d10
Event: 6780.570 Thread 0x00000242fa0d8870 flushing  nmethod 0x00000242813d7d10
Event: 6780.570 Thread 0x00000242fa0d8870 flushing  nmethod 0x00000242813d8710
Event: 6780.570 Thread 0x00000242fa0d8870 flushing  nmethod 0x00000242813d9590
Event: 6780.572 Thread 0x00000242fa0d8870 flushing  nmethod 0x0000024281403310
Event: 6780.572 Thread 0x00000242fa0d8870 flushing  nmethod 0x0000024281404010
Event: 6780.572 Thread 0x00000242fa0d8870 flushing  nmethod 0x0000024281404510
Event: 6780.572 Thread 0x00000242fa0d8870 flushing  nmethod 0x0000024281410990
Event: 6780.572 Thread 0x00000242fa0d8870 flushing  nmethod 0x0000024281411510
Event: 6780.572 Thread 0x00000242fa0d8870 flushing  nmethod 0x0000024281418d10
Event: 6780.573 Thread 0x00000242fa0d8870 flushing  nmethod 0x000002428141e190
Event: 6780.573 Thread 0x00000242fa0d8870 flushing  nmethod 0x0000024281420110
Event: 6780.573 Thread 0x00000242fa0d8870 flushing  nmethod 0x0000024281420910
Event: 6780.573 Thread 0x00000242fa0d8870 flushing  nmethod 0x0000024281423810
Event: 6780.573 Thread 0x00000242fa0d8870 flushing  nmethod 0x0000024281425810
Event: 6780.573 Thread 0x00000242fa0d8870 flushing  nmethod 0x0000024281428b10
Event: 6780.573 Thread 0x00000242fa0d8870 flushing  nmethod 0x0000024281428f90
Event: 6780.575 Thread 0x00000242fa0d8870 flushing  nmethod 0x0000024281478c90

Events (20 events):
Event: 6786.643 Thread 0x00000242fd56eb10 Thread exited: 0x00000242fd56eb10
Event: 6786.643 Thread 0x00000242fd56a0b0 Thread exited: 0x00000242fd56a0b0
Event: 6786.656 Thread 0x00000242918b10a0 Thread exited: 0x00000242918b10a0
Event: 6790.712 Thread 0x00000242fd569610 Thread exited: 0x00000242fd569610
Event: 6850.979 Thread 0x00000242918b5270 Thread exited: 0x00000242918b5270
Event: 6910.992 Thread 0x00000242918b2f00 Thread exited: 0x00000242918b2f00
Event: 6971.001 Thread 0x00000242918b4d60 Thread exited: 0x00000242918b4d60
Event: 7031.006 Thread 0x00000242918b24e0 Thread exited: 0x00000242918b24e0
Event: 7091.013 Thread 0x00000242918b29f0 Thread exited: 0x00000242918b29f0
Event: 7151.025 Thread 0x00000242918b1ac0 Thread exited: 0x00000242918b1ac0
Event: 7211.028 Thread 0x00000242918b4850 Thread exited: 0x00000242918b4850
Event: 7271.034 Thread 0x00000242918afc60 Thread exited: 0x00000242918afc60
Event: 7331.042 Thread 0x00000242918af750 Thread exited: 0x00000242918af750
Event: 7391.053 Thread 0x00000242918b0b90 Thread exited: 0x00000242918b0b90
Event: 7451.061 Thread 0x00000242918ade00 Thread exited: 0x00000242918ade00
Event: 8850.888 Thread 0x00000242fd6369a0 Thread added: 0x00000242918b1ac0
Event: 8914.144 Thread 0x00000242918b1ac0 Thread exited: 0x00000242918b1ac0
Event: 13128.951 Thread 0x00000242fd6369a0 Thread added: 0x00000242918b0b90
Event: 13189.016 Thread 0x00000242918b0b90 Thread exited: 0x00000242918b0b90
Event: 18547.852 Thread 0x00000242fd63bfb0 Thread added: 0x00000242918af750


Dynamic libraries:
0x00007ff6d27c0000 - 0x00007ff6d27ce000 	c:\Users\Sean Kyle\.vscode\extensions\redhat.java-1.36.0-win32-x64\jre\17.0.13-win32-x86_64\bin\java.exe
0x00007ffa282d0000 - 0x00007ffa284e7000 	C:\WINDOWS\SYSTEM32\ntdll.dll
0x00007ffa27020000 - 0x00007ffa270e4000 	C:\WINDOWS\System32\KERNEL32.DLL
0x00007ffa25c30000 - 0x00007ffa25fe9000 	C:\WINDOWS\System32\KERNELBASE.dll
0x00007ffa25720000 - 0x00007ffa25831000 	C:\WINDOWS\System32\ucrtbase.dll
0x00007ffa01ae0000 - 0x00007ffa01af7000 	c:\Users\Sean Kyle\.vscode\extensions\redhat.java-1.36.0-win32-x64\jre\17.0.13-win32-x86_64\bin\jli.dll
0x00007ffa27490000 - 0x00007ffa2763e000 	C:\WINDOWS\System32\USER32.dll
0x00007ffa258b0000 - 0x00007ffa258d6000 	C:\WINDOWS\System32\win32u.dll
0x00007ffa279e0000 - 0x00007ffa27a09000 	C:\WINDOWS\System32\GDI32.dll
0x00007ffa25a50000 - 0x00007ffa25b6b000 	C:\WINDOWS\System32\gdi32full.dll
0x00007ffa25650000 - 0x00007ffa256ea000 	C:\WINDOWS\System32\msvcp_win.dll
0x00007ffa01b00000 - 0x00007ffa01b1e000 	c:\Users\Sean Kyle\.vscode\extensions\redhat.java-1.36.0-win32-x64\jre\17.0.13-win32-x86_64\bin\VCRUNTIME140.dll
0x00007ffa0f070000 - 0x00007ffa0f302000 	C:\WINDOWS\WinSxS\amd64_microsoft.windows.common-controls_6595b64144ccf1df_6.0.22621.4391_none_2715d37f73803e96\COMCTL32.dll
0x00007ffa25ff0000 - 0x00007ffa26097000 	C:\WINDOWS\System32\msvcrt.dll
0x00007ffa27280000 - 0x00007ffa272b1000 	C:\WINDOWS\System32\IMM32.DLL
0x00007ffa0f8c0000 - 0x00007ffa0f8cc000 	c:\Users\Sean Kyle\.vscode\extensions\redhat.java-1.36.0-win32-x64\jre\17.0.13-win32-x86_64\bin\vcruntime140_1.dll
0x00007ffa000f0000 - 0x00007ffa0017d000 	c:\Users\Sean Kyle\.vscode\extensions\redhat.java-1.36.0-win32-x64\jre\17.0.13-win32-x86_64\bin\msvcp140.dll
0x00007ff992730000 - 0x00007ff99339b000 	c:\Users\Sean Kyle\.vscode\extensions\redhat.java-1.36.0-win32-x64\jre\17.0.13-win32-x86_64\bin\server\jvm.dll
0x00007ffa270f0000 - 0x00007ffa271a2000 	C:\WINDOWS\System32\ADVAPI32.dll
0x00007ffa268e0000 - 0x00007ffa26987000 	C:\WINDOWS\System32\sechost.dll
0x00007ffa256f0000 - 0x00007ffa25718000 	C:\WINDOWS\System32\bcrypt.dll
0x00007ffa26f00000 - 0x00007ffa27014000 	C:\WINDOWS\System32\RPCRT4.dll
0x00007ffa26bd0000 - 0x00007ffa26c41000 	C:\WINDOWS\System32\WS2_32.dll
0x00007ffa24420000 - 0x00007ffa2446d000 	C:\WINDOWS\SYSTEM32\POWRPROF.dll
0x00007ffa20900000 - 0x00007ffa2090a000 	C:\WINDOWS\SYSTEM32\VERSION.dll
0x00007ffa1e0e0000 - 0x00007ffa1e114000 	C:\WINDOWS\SYSTEM32\WINMM.dll
0x00007ffa24400000 - 0x00007ffa24413000 	C:\WINDOWS\SYSTEM32\UMPDC.dll
0x00007ffa246c0000 - 0x00007ffa246d8000 	C:\WINDOWS\SYSTEM32\kernel.appcore.dll
0x00007ffa0f650000 - 0x00007ffa0f65a000 	c:\Users\Sean Kyle\.vscode\extensions\redhat.java-1.36.0-win32-x64\jre\17.0.13-win32-x86_64\bin\jimage.dll
0x00007ffa22a00000 - 0x00007ffa22c32000 	C:\WINDOWS\SYSTEM32\DBGHELP.DLL
0x00007ffa26520000 - 0x00007ffa268af000 	C:\WINDOWS\System32\combase.dll
0x00007ffa26990000 - 0x00007ffa26a67000 	C:\WINDOWS\System32\OLEAUT32.dll
0x00007ffa0ffa0000 - 0x00007ffa0ffd2000 	C:\WINDOWS\SYSTEM32\dbgcore.DLL
0x00007ffa255d0000 - 0x00007ffa2564b000 	C:\WINDOWS\System32\bcryptPrimitives.dll
0x00007ffa0f640000 - 0x00007ffa0f64e000 	c:\Users\Sean Kyle\.vscode\extensions\redhat.java-1.36.0-win32-x64\jre\17.0.13-win32-x86_64\bin\instrument.dll
0x00007ffa03400000 - 0x00007ffa03425000 	c:\Users\Sean Kyle\.vscode\extensions\redhat.java-1.36.0-win32-x64\jre\17.0.13-win32-x86_64\bin\java.dll
0x00007ffa08930000 - 0x00007ffa08948000 	c:\Users\Sean Kyle\.vscode\extensions\redhat.java-1.36.0-win32-x64\jre\17.0.13-win32-x86_64\bin\zip.dll
0x00007ffa27a10000 - 0x00007ffa28286000 	C:\WINDOWS\System32\SHELL32.dll
0x00007ffa234d0000 - 0x00007ffa23dd3000 	C:\WINDOWS\SYSTEM32\windows.storage.dll
0x00007ffa23390000 - 0x00007ffa234cf000 	C:\WINDOWS\SYSTEM32\wintypes.dll
0x00007ffa26ad0000 - 0x00007ffa26bc9000 	C:\WINDOWS\System32\SHCORE.dll
0x00007ffa271b0000 - 0x00007ffa2720e000 	C:\WINDOWS\System32\shlwapi.dll
0x00007ffa25500000 - 0x00007ffa2552b000 	C:\WINDOWS\SYSTEM32\profapi.dll
0x00007ffa013b0000 - 0x00007ffa013c9000 	C:\Users\Sean Kyle\.vscode\extensions\redhat.java-1.36.0-win32-x64\jre\17.0.13-win32-x86_64\bin\net.dll
0x00007ffa20780000 - 0x00007ffa208b6000 	C:\WINDOWS\SYSTEM32\WINHTTP.dll
0x00007ffa24b30000 - 0x00007ffa24b99000 	C:\WINDOWS\system32\mswsock.dll
0x00007ff9ff3b0000 - 0x00007ff9ff3c6000 	C:\Users\Sean Kyle\.vscode\extensions\redhat.java-1.36.0-win32-x64\jre\17.0.13-win32-x86_64\bin\nio.dll
0x00007ffa0f630000 - 0x00007ffa0f640000 	c:\Users\Sean Kyle\.vscode\extensions\redhat.java-1.36.0-win32-x64\jre\17.0.13-win32-x86_64\bin\verify.dll
0x00007ff9b4070000 - 0x00007ff9b40b5000 	C:\Users\Sean Kyle\AppData\Roaming\Code\User\globalStorage\redhat.java\1.36.0\config_win\org.eclipse.equinox.launcher\org.eclipse.equinox.launcher.win32.win32.x86_64_1.2.1100.v20240722-2106\eclipse_11904.dll
0x00007ffa272c0000 - 0x00007ffa27465000 	C:\WINDOWS\System32\ole32.dll
0x00007ffa24e80000 - 0x00007ffa24e9b000 	C:\WINDOWS\SYSTEM32\CRYPTSP.dll
0x00007ffa24620000 - 0x00007ffa24655000 	C:\WINDOWS\system32\rsaenh.dll
0x00007ffa24bd0000 - 0x00007ffa24bf8000 	C:\WINDOWS\SYSTEM32\USERENV.dll
0x00007ffa24e60000 - 0x00007ffa24e6c000 	C:\WINDOWS\SYSTEM32\CRYPTBASE.dll
0x00007ffa240b0000 - 0x00007ffa240dd000 	C:\WINDOWS\SYSTEM32\IPHLPAPI.DLL
0x00007ffa27270000 - 0x00007ffa27279000 	C:\WINDOWS\System32\NSI.dll
0x00007ffa208d0000 - 0x00007ffa208e9000 	C:\WINDOWS\SYSTEM32\dhcpcsvc6.DLL
0x00007ffa205c0000 - 0x00007ffa205df000 	C:\WINDOWS\SYSTEM32\dhcpcsvc.DLL
0x00007ffa24120000 - 0x00007ffa24222000 	C:\WINDOWS\SYSTEM32\DNSAPI.dll
0x00007ff9b3ab0000 - 0x00007ff9b3af9000 	C:\Users\Sean Kyle\AppData\Local\Temp\jna--690023192\jna11265214286491531202.dll
0x00007ffa27740000 - 0x00007ffa27748000 	C:\WINDOWS\System32\PSAPI.DLL
0x00007ffa247d0000 - 0x00007ffa24804000 	C:\WINDOWS\SYSTEM32\ntmarta.dll
0x00007ffa0b400000 - 0x00007ffa0b40e000 	C:\Users\Sean Kyle\.vscode\extensions\redhat.java-1.36.0-win32-x64\jre\17.0.13-win32-x86_64\bin\sunmscapi.dll
0x00007ffa258e0000 - 0x00007ffa25a46000 	C:\WINDOWS\System32\CRYPT32.dll
0x00007ffa24f70000 - 0x00007ffa24f9d000 	C:\WINDOWS\SYSTEM32\ncrypt.dll
0x00007ffa24f30000 - 0x00007ffa24f67000 	C:\WINDOWS\SYSTEM32\NTASN1.dll
0x00007ffa1d000000 - 0x00007ffa1d00a000 	C:\Windows\System32\rasadhlp.dll
0x00007ffa1e530000 - 0x00007ffa1e5b3000 	C:\WINDOWS\System32\fwpuclnt.dll
0x00007ffa0aa60000 - 0x00007ffa0aa69000 	C:\Users\Sean Kyle\.vscode\extensions\redhat.java-1.36.0-win32-x64\jre\17.0.13-win32-x86_64\bin\extnet.dll

dbghelp: loaded successfully - version: 4.0.5 - missing functions: none
symbol engine: initialized successfully - sym options: 0x614 - pdb path: .;c:\Users\Sean Kyle\.vscode\extensions\redhat.java-1.36.0-win32-x64\jre\17.0.13-win32-x86_64\bin;C:\WINDOWS\SYSTEM32;C:\WINDOWS\WinSxS\amd64_microsoft.windows.common-controls_6595b64144ccf1df_6.0.22621.4391_none_2715d37f73803e96;c:\Users\Sean Kyle\.vscode\extensions\redhat.java-1.36.0-win32-x64\jre\17.0.13-win32-x86_64\bin\server;C:\Users\Sean Kyle\AppData\Roaming\Code\User\globalStorage\redhat.java\1.36.0\config_win\org.eclipse.equinox.launcher\org.eclipse.equinox.launcher.win32.win32.x86_64_1.2.1100.v20240722-2106;C:\Users\Sean Kyle\AppData\Local\Temp\jna--690023192

VM Arguments:
jvm_args: --add-modules=ALL-SYSTEM --add-opens=java.base/java.util=ALL-UNNAMED --add-opens=java.base/java.lang=ALL-UNNAMED --add-opens=java.base/sun.nio.fs=ALL-UNNAMED -Declipse.application=org.eclipse.jdt.ls.core.id1 -Dosgi.bundles.defaultStartLevel=4 -Declipse.product=org.eclipse.jdt.ls.core.product -Djava.import.generatesMetadataFilesAtProjectRoot=false -DDetectVMInstallationsJob.disabled=true -Dfile.encoding=utf8 -XX:+UseParallelGC -XX:GCTimeRatio=4 -XX:AdaptiveSizePolicyWeight=90 -Dsun.zip.disableMemoryMapping=true -Xmx1G -Xms100m -Xlog:disable -javaagent:c:\Users\Sean Kyle\.vscode\extensions\redhat.java-1.36.0-win32-x64\lombok\lombok-1.18.35.jar -XX:+HeapDumpOnOutOfMemoryError -XX:HeapDumpPath=c:\Users\Sean Kyle\AppData\Roaming\Code\User\workspaceStorage\db81b6db17bbbd7b8bd1336062c1f44b\redhat.java -Daether.dependencyCollector.impl=bf 
java_command: c:\Users\Sean Kyle\.vscode\extensions\redhat.java-1.36.0-win32-x64\server\plugins\org.eclipse.equinox.launcher_1.6.900.v20240613-2009.jar -configuration c:\Users\Sean Kyle\AppData\Roaming\Code\User\globalStorage\redhat.java\1.36.0\config_win -data c:\Users\Sean Kyle\AppData\Roaming\Code\User\workspaceStorage\db81b6db17bbbd7b8bd1336062c1f44b\redhat.java\jdt_ws --pipe=\\.\pipe\lsp-06a6320af51be784873cafcbcba4cd40-sock
java_class_path (initial): c:\Users\Sean Kyle\.vscode\extensions\redhat.java-1.36.0-win32-x64\server\plugins\org.eclipse.equinox.launcher_1.6.900.v20240613-2009.jar
Launcher Type: SUN_STANDARD

[Global flags]
    uintx AdaptiveSizePolicyWeight                 = 90                                        {product} {command line}
     intx CICompilerCount                          = 12                                        {product} {ergonomic}
    uintx GCTimeRatio                              = 4                                         {product} {command line}
     bool HeapDumpOnOutOfMemoryError               = true                                   {manageable} {command line}
    ccstr HeapDumpPath                             = c:\Users\Sean Kyle\AppData\Roaming\Code\User\workspaceStorage\db81b6db17bbbd7b8bd1336062c1f44b\redhat.java         {manageable} {command line}
   size_t InitialHeapSize                          = 104857600                                 {product} {command line}
   size_t MaxHeapSize                              = 1073741824                                {product} {command line}
   size_t MaxNewSize                               = 357564416                                 {product} {ergonomic}
   size_t MinHeapDeltaBytes                        = 524288                                    {product} {ergonomic}
   size_t MinHeapSize                              = 104857600                                 {product} {command line}
   size_t NewSize                                  = 34603008                                  {product} {ergonomic}
    uintx NonNMethodCodeHeapSize                   = 7602480                                {pd product} {ergonomic}
    uintx NonProfiledCodeHeapSize                  = 122027880                              {pd product} {ergonomic}
   size_t OldSize                                  = 70254592                                  {product} {ergonomic}
    uintx ProfiledCodeHeapSize                     = 122027880                              {pd product} {ergonomic}
    uintx ReservedCodeCacheSize                    = 251658240                              {pd product} {ergonomic}
     bool SegmentedCodeCache                       = true                                      {product} {ergonomic}
   size_t SoftMaxHeapSize                          = 1073741824                             {manageable} {ergonomic}
     bool UseCompressedClassPointers               = true                           {product lp64_product} {ergonomic}
     bool UseCompressedOops                        = true                           {product lp64_product} {ergonomic}
     bool UseLargePagesIndividualAllocation        = false                                  {pd product} {ergonomic}
     bool UseParallelGC                            = true                                      {product} {command line}

Logging:
Log output configuration:
 #0: stdout all=off uptime,level,tags
 #1: stderr all=off uptime,level,tags

Environment Variables:
JAVA_HOME=C:\Program Files\Java\jdk-22
PATH=C:\Program Files\Python312\Scripts\;C:\Program Files\Python312\;C:\Users\Sean Kyle\AppData\Roaming\Python\Python312;C:\Users\Sean Kyle\AppData\Roaming\Python\Python312\Scripts;C:\Program Files\Graphviz\bin;C:\Program Files\Common Files\Oracle\Java\javapath;C:\WINDOWS\system32;C:\WINDOWS;C:\WINDOWS\System32\Wbem;C:\WINDOWS\System32\WindowsPowerShell\v1.0\;C:\WINDOWS\System32\OpenSSH\;C:\MinGW\bin;C:\Program Files\Git\cmd;C:\Program Files\Git\bin;C:\ProgramData\chocolatey\bin;C:\Program Files\NVIDIA Corporation\NVIDIA NvDLISR;C:\Program Files\Java\jdk-22\bin;C:\Program Files\WireGuard\;C:\Program Files\dotnet\;C:\Program Files\apache-maven-3.9.8\bin;C:\Program Files (x86)\WiX Toolset v3.14\bin;C:\Users\Sean Kyle\Desktop\MLS-Automate\drivers\selenium-java-4.23.1\;C:\Program Files\kotlinc\bin;;C:\Program Files (x86)\NVIDIA Corporation\PhysX\Common;C:\Program Files\Pandoc\;C:\Program Files\swipl\bin;C:\Program Files\MySQL\MySQL Shell 8.0\bin\;C:\Users\Sean Kyle\AppData\Local\Microsoft\WindowsApps;C:\Users\Sean Kyle\AppData\Local\Programs\Microsoft VS Code\bin;C:\Users\Sean Kyle\.dotnet\tools;C:\Program Files\JetBrains\IntelliJ IDEA Community Edition 2024.3\bin;
USERNAME=Sean Kyle
OS=Windows_NT
PROCESSOR_IDENTIFIER=Intel64 Family 6 Model 191 Stepping 2, GenuineIntel
TMP=C:\Users\SEANKY~1\AppData\Local\Temp
TEMP=C:\Users\SEANKY~1\AppData\Local\Temp



Periodic native trim disabled


---------------  S Y S T E M  ---------------

OS:
 Windows 11 , 64 bit Build 22621 (10.0.22621.4391)
OS uptime: 2 days 18:17 hours
Hyper-V role detected

CPU: total 24 (initial active 24) (12 cores per cpu, 2 threads per core) family 6 model 191 stepping 2 microcode 0x2e, cx8, cmov, fxsr, ht, mmx, 3dnowpref, sse, sse2, sse3, ssse3, sse4.1, sse4.2, popcnt, lzcnt, tsc, tscinvbit, avx, avx2, aes, erms, clmul, bmi1, bmi2, adx, sha, fma, vzeroupper, clflush, clflushopt, clwb, hv
Processor Information for processor 0
  Max Mhz: 2100, Current Mhz: 1615, Mhz Limit: 2100
Processor Information for processor 1
  Max Mhz: 2100, Current Mhz: 1615, Mhz Limit: 2100
Processor Information for processor 2
  Max Mhz: 2100, Current Mhz: 1615, Mhz Limit: 2100
Processor Information for processor 3
  Max Mhz: 2100, Current Mhz: 1615, Mhz Limit: 2100
Processor Information for processor 4
  Max Mhz: 2100, Current Mhz: 1615, Mhz Limit: 2100
Processor Information for processor 5
  Max Mhz: 2100, Current Mhz: 1615, Mhz Limit: 2100
Processor Information for processor 6
  Max Mhz: 2100, Current Mhz: 1615, Mhz Limit: 2100
Processor Information for processor 7
  Max Mhz: 2100, Current Mhz: 1615, Mhz Limit: 2100
Processor Information for processor 8
  Max Mhz: 2100, Current Mhz: 1615, Mhz Limit: 2100
Processor Information for processor 9
  Max Mhz: 2100, Current Mhz: 1615, Mhz Limit: 2100
Processor Information for processor 10
  Max Mhz: 2100, Current Mhz: 1615, Mhz Limit: 2100
Processor Information for processor 11
  Max Mhz: 2100, Current Mhz: 1615, Mhz Limit: 2100
Processor Information for processor 12
  Max Mhz: 2100, Current Mhz: 1615, Mhz Limit: 2100
Processor Information for processor 13
  Max Mhz: 2100, Current Mhz: 1615, Mhz Limit: 2100
Processor Information for processor 14
  Max Mhz: 2100, Current Mhz: 1615, Mhz Limit: 2100
Processor Information for processor 15
  Max Mhz: 2100, Current Mhz: 1615, Mhz Limit: 2100
Processor Information for processor 16
  Max Mhz: 2100, Current Mhz: 1540, Mhz Limit: 2100
Processor Information for processor 17
  Max Mhz: 2100, Current Mhz: 1540, Mhz Limit: 2100
Processor Information for processor 18
  Max Mhz: 2100, Current Mhz: 1540, Mhz Limit: 2100
Processor Information for processor 19
  Max Mhz: 2100, Current Mhz: 1540, Mhz Limit: 2100
Processor Information for processor 20
  Max Mhz: 2100, Current Mhz: 1540, Mhz Limit: 2100
Processor Information for processor 21
  Max Mhz: 2100, Current Mhz: 1540, Mhz Limit: 2100
Processor Information for processor 22
  Max Mhz: 2100, Current Mhz: 1540, Mhz Limit: 2100
Processor Information for processor 23
  Max Mhz: 2100, Current Mhz: 1540, Mhz Limit: 2100

Memory: 4k page, system-wide physical 32503M (543M free)
TotalPageFile size 47488M (AvailPageFile size 0M)
current process WorkingSet (physical memory assigned to process): 105M, peak: 711M
current process commit charge ("private bytes"): 542M, peak: 741M

vm_info: OpenJDK 64-Bit Server VM (17.0.13+11) for windows-amd64 JRE (17.0.13+11), built on Oct 16 2024 00:10:08 by "admin" with MS VC++ 17.7 (VS2022)

END.
